"2023-01-10 08:52:46 [restartedMain] INFO  c.lectures.demo.LecturersApplication - Starting LecturersApplication on CELESTIALS with PID 38748 (started by 91730 in D:\spring projects\lecturers (2)\lecturers)
""2023-01-10 08:52:46 [restartedMain] INFO  c.lectures.demo.LecturersApplication - No active profile set, falling back to default profiles: default
""2023-01-10 08:52:46 [restartedMain] INFO  o.s.b.w.s.c.AnnotationConfigServletWebServerApplicationContext - Refreshing org.springframework.boot.web.servlet.context.AnnotationConfigServletWebServerApplicationContext@4840bdcf: startup date [Tue Jan 10 08:52:46 IST 2023]; root of context hierarchy
""2023-01-10 08:52:47 [restartedMain] INFO  o.s.c.s.PostProcessorRegistrationDelegate$BeanPostProcessorChecker - Bean 'org.springframework.transaction.annotation.ProxyTransactionManagementConfiguration' of type [org.springframework.transaction.annotation.ProxyTransactionManagementConfiguration$$EnhancerBySpringCGLIB$$7a8b7328] is not eligible for getting processed by all BeanPostProcessors (for example: not eligible for auto-proxying)
""2023-01-10 08:52:47 [restartedMain] INFO  o.s.c.s.PostProcessorRegistrationDelegate$BeanPostProcessorChecker - Bean 'org.springframework.security.config.annotation.configuration.ObjectPostProcessorConfiguration' of type [org.springframework.security.config.annotation.configuration.ObjectPostProcessorConfiguration$$EnhancerBySpringCGLIB$$13393b62] is not eligible for getting processed by all BeanPostProcessors (for example: not eligible for auto-proxying)
""2023-01-10 08:52:47 [restartedMain] INFO  o.s.c.s.PostProcessorRegistrationDelegate$BeanPostProcessorChecker - Bean 'objectPostProcessor' of type [org.springframework.security.config.annotation.configuration.AutowireBeanFactoryObjectPostProcessor] is not eligible for getting processed by all BeanPostProcessors (for example: not eligible for auto-proxying)
""2023-01-10 08:52:47 [restartedMain] INFO  o.s.c.s.PostProcessorRegistrationDelegate$BeanPostProcessorChecker - Bean 'org.springframework.security.access.expression.method.DefaultMethodSecurityExpressionHandler@449f00f7' of type [org.springframework.security.access.expression.method.DefaultMethodSecurityExpressionHandler] is not eligible for getting processed by all BeanPostProcessors (for example: not eligible for auto-proxying)
""2023-01-10 08:52:47 [restartedMain] INFO  o.s.c.s.PostProcessorRegistrationDelegate$BeanPostProcessorChecker - Bean 'org.springframework.security.config.annotation.method.configuration.GlobalMethodSecurityConfiguration' of type [org.springframework.security.config.annotation.method.configuration.GlobalMethodSecurityConfiguration$$EnhancerBySpringCGLIB$$380dde14] is not eligible for getting processed by all BeanPostProcessors (for example: not eligible for auto-proxying)
""2023-01-10 08:52:47 [restartedMain] INFO  o.s.c.s.PostProcessorRegistrationDelegate$BeanPostProcessorChecker - Bean 'methodSecurityMetadataSource' of type [org.springframework.security.access.method.DelegatingMethodSecurityMetadataSource] is not eligible for getting processed by all BeanPostProcessors (for example: not eligible for auto-proxying)
""2023-01-10 08:52:47 [restartedMain] INFO  o.s.b.w.e.tomcat.TomcatWebServer - Tomcat initialized with port(s): 8080 (http)
""2023-01-10 08:52:47 [restartedMain] INFO  o.a.catalina.core.StandardService - Starting service [Tomcat]
""2023-01-10 08:52:47 [restartedMain] INFO  o.a.catalina.core.StandardEngine - Starting Servlet Engine: Apache Tomcat/8.5.34
""2023-01-10 08:52:47 [localhost-startStop-1] INFO  o.a.c.core.AprLifecycleListener - The APR based Apache Tomcat Native library which allows optimal performance in production environments was not found on the java.library.path: [C:\Program Files\Java\jdk1.8.0_202\bin;C:\WINDOWS\Sun\Java\bin;C:\WINDOWS\system32;C:\WINDOWS;D:/softwares/sts-4.14.1.RELEASE//plugins/org.eclipse.justj.openjdk.hotspot.jre.full.win32.x86_64_17.0.2.v20220201-1208/jre/bin/server;D:/softwares/sts-4.14.1.RELEASE//plugins/org.eclipse.justj.openjdk.hotspot.jre.full.win32.x86_64_17.0.2.v20220201-1208/jre/bin;C:\Program Files (x86)\Common Files\Oracle\Java\javapath;C:\WINDOWS\system32;C:\WINDOWS;C:\WINDOWS\System32\Wbem;C:\WINDOWS\System32\WindowsPowerShell\v1.0\;C:\WINDOWS\System32\OpenSSH\;C:\Program Files\Java\jdk1.8.0_333\bin;C:\Program Files\Java\jre1.8.0_202\bin;C:\Program Files\nodejs\;D:\softwares\apache-maven-3.8.6-bin\apache-maven-3.8.6\bin;C:\Users\91730\AppData\Local\Microsoft\WindowsApps;D:\Microsoft VS Code\bin;C:\Users\91730\AppData\Roaming\npm;D:\softwares\apache-maven-3.8.6-bin\apache-maven-3.8.6\bin;;D:\softwares\sts-4.14.1.RELEASE;;.]
""2023-01-10 08:52:47 [localhost-startStop-1] INFO  o.a.c.c.C.[Tomcat].[localhost].[/] - Initializing Spring embedded WebApplicationContext
""2023-01-10 08:52:47 [localhost-startStop-1] INFO  o.s.b.w.s.FilterRegistrationBean - Mapping filter: 'characterEncodingFilter' to: [/*]
""2023-01-10 08:52:47 [localhost-startStop-1] INFO  o.s.b.w.s.FilterRegistrationBean - Mapping filter: 'hiddenHttpMethodFilter' to: [/*]
""2023-01-10 08:52:47 [localhost-startStop-1] INFO  o.s.b.w.s.FilterRegistrationBean - Mapping filter: 'httpPutFormContentFilter' to: [/*]
""2023-01-10 08:52:47 [localhost-startStop-1] INFO  o.s.b.w.s.FilterRegistrationBean - Mapping filter: 'requestContextFilter' to: [/*]
""2023-01-10 08:52:47 [localhost-startStop-1] INFO  o.s.b.w.s.DelegatingFilterProxyRegistrationBean - Mapping filter: 'springSecurityFilterChain' to: [/*]
""2023-01-10 08:52:47 [localhost-startStop-1] INFO  o.s.b.w.s.ServletRegistrationBean - Servlet dispatcherServlet mapped to [/]
""2023-01-10 08:52:47 [restartedMain] INFO  com.zaxxer.hikari.HikariDataSource - HikariPool-1 - Starting...
""2023-01-10 08:52:48 [restartedMain] INFO  com.zaxxer.hikari.HikariDataSource - HikariPool-1 - Start completed.
""2023-01-10 08:52:48 [restartedMain] INFO  o.s.o.j.LocalContainerEntityManagerFactoryBean - Building JPA container EntityManagerFactory for persistence unit 'default'
""2023-01-10 08:52:48 [restartedMain] INFO  o.h.jpa.internal.util.LogHelper - HHH000204: Processing PersistenceUnitInfo [
	name: default
	...]
""2023-01-10 08:52:48 [restartedMain] INFO  org.hibernate.Version - HHH000412: Hibernate Core {5.2.17.Final}
""2023-01-10 08:52:48 [restartedMain] INFO  org.hibernate.cfg.Environment - HHH000206: hibernate.properties not found
""2023-01-10 08:52:48 [restartedMain] INFO  o.h.annotations.common.Version - HCANN000001: Hibernate Commons Annotations {5.0.1.Final}
""2023-01-10 08:52:48 [restartedMain] INFO  org.hibernate.dialect.Dialect - HHH000400: Using dialect: org.hibernate.dialect.MySQL5Dialect
""2023-01-10 08:52:48 [restartedMain] INFO  o.s.o.j.LocalContainerEntityManagerFactoryBean - Initialized JPA EntityManagerFactory for persistence unit 'default'
""2023-01-10 08:52:49 [restartedMain] INFO  o.h.h.i.QueryTranslatorFactoryInitiator - HHH000397: Using ASTQueryTranslatorFactory
""2023-01-10 08:52:49 [restartedMain] INFO  o.s.s.web.DefaultSecurityFilterChain - Creating filter chain: org.springframework.security.web.util.matcher.AnyRequestMatcher@1, [org.springframework.security.web.context.request.async.WebAsyncManagerIntegrationFilter@646a2c8f, org.springframework.security.web.context.SecurityContextPersistenceFilter@1b472f66, org.springframework.security.web.header.HeaderWriterFilter@1cdb5a90, org.springframework.security.web.authentication.logout.LogoutFilter@53085810, org.springframework.security.web.authentication.UsernamePasswordAuthenticationFilter@1d938bdd, org.springframework.security.web.authentication.ui.DefaultLoginPageGeneratingFilter@78031661, org.springframework.security.web.authentication.www.BasicAuthenticationFilter@20674e39, org.springframework.security.web.savedrequest.RequestCacheAwareFilter@4a47822, org.springframework.security.web.servletapi.SecurityContextHolderAwareRequestFilter@71a31882, org.springframework.security.web.authentication.AnonymousAuthenticationFilter@48063934, org.springframework.security.web.session.SessionManagementFilter@6a151d4b, org.springframework.security.web.access.ExceptionTranslationFilter@1bb91dd5, org.springframework.security.web.access.intercept.FilterSecurityInterceptor@34ae341c]
""2023-01-10 08:52:49 [restartedMain] WARN  o.s.b.a.o.j.JpaBaseConfiguration$JpaWebConfiguration$JpaWebMvcConfiguration - spring.jpa.open-in-view is enabled by default. Therefore, database queries may be performed during view rendering. Explicitly configure spring.jpa.open-in-view to disable this warning
""2023-01-10 08:52:49 [restartedMain] WARN  o.s.b.a.t.ThymeleafAutoConfiguration$DefaultTemplateResolverConfiguration - Cannot find template location: classpath:/templates/ (please add some templates or check your Thymeleaf configuration)
""2023-01-10 08:52:50 [restartedMain] INFO  o.s.b.d.a.OptionalLiveReloadServer - LiveReload server is running on port 35729
""2023-01-10 08:52:50 [restartedMain] INFO  o.s.j.e.a.AnnotationMBeanExporter - Registering beans for JMX exposure on startup
""2023-01-10 08:52:50 [restartedMain] INFO  o.s.j.e.a.AnnotationMBeanExporter - Bean with name 'dataSource' has been autodetected for JMX exposure
""2023-01-10 08:52:50 [restartedMain] INFO  o.s.j.e.a.AnnotationMBeanExporter - Located MBean 'dataSource': registering with JMX server as MBean [com.zaxxer.hikari:name=dataSource,type=HikariDataSource]
""2023-01-10 08:52:50 [restartedMain] INFO  o.s.b.w.e.tomcat.TomcatWebServer - Tomcat started on port(s): 8080 (http) with context path ''
""2023-01-10 08:52:50 [restartedMain] INFO  c.lectures.demo.LecturersApplication - Started LecturersApplication in 4.001 seconds (JVM running for 4.596)
""2023-01-10 08:53:12 [http-nio-8080-exec-2] INFO  o.a.c.c.C.[Tomcat].[localhost].[/] - Initializing Spring FrameworkServlet 'dispatcherServlet'
""2023-01-10 08:53:13 [http-nio-8080-exec-2] INFO  c.lectures.demo.LecturersApplication - lecturerDetailsEntity is entered in the lectrer controller
""2023-01-10 08:53:13 [http-nio-8080-exec-2] WARN  c.lectures.demo.LecturersApplication - lecturerDetailsEntity is entered in the lectrer controller
""2023-01-10 08:53:13 [http-nio-8080-exec-2] ERROR c.lectures.demo.LecturersApplication - lecturerDetailsEntity is entered in the lectrer controller
""2023-01-10 08:53:13 [http-nio-8080-exec-2] INFO  c.lectures.demo.LecturersApplication - lecturerDetailsEntity is entered in the lectrer repositry
""2023-01-10 08:53:13 [http-nio-8080-exec-2] WARN  c.lectures.demo.LecturersApplication - lecturerDetailsEntity is entered in the lectrer repositry
""2023-01-10 08:53:13 [http-nio-8080-exec-2] ERROR c.lectures.demo.LecturersApplication - lecturerDetailsEntity is entered in the lectrer repositry
""2023-01-10 08:53:13 [http-nio-8080-exec-2] WARN  o.h.e.jdbc.spi.SqlExceptionHelper - SQL Error: 1062, SQLState: 23000
""2023-01-10 08:53:13 [http-nio-8080-exec-2] ERROR o.h.e.jdbc.spi.SqlExceptionHelper - Duplicate entry 'naidu' for key 'lecturer_details_entity.UK_3egr9h0klc7x7vfaehuruwf5t'
""2023-01-10 08:54:10 [http-nio-8080-exec-9] INFO  c.lectures.demo.LecturersApplication - mail sededed tok7306251753@gmail.com
""2023-01-10 08:54:52 [http-nio-8080-exec-2] ERROR o.a.c.c.C.[.[.[.[dispatcherServlet] - Servlet.service() for servlet [dispatcherServlet] in context with path [] threw exception [Request processing failed; nested exception is java.lang.RuntimeException: Payment card type do not support] with root cause
"java.lang.RuntimeException: Payment card type do not support
	at com.lectures.demo.serviceImpl.OrderServiceImpl.placeOrder(OrderServiceImpl.java:39)
	at com.lectures.demo.serviceImpl.OrderServiceImpl$$FastClassBySpringCGLIB$$b9aa167f.invoke(<generated>)
	at org.springframework.cglib.proxy.MethodProxy.invoke(MethodProxy.java:204)
	at org.springframework.aop.framework.CglibAopProxy$CglibMethodInvocation.invokeJoinpoint(CglibAopProxy.java:746)
	at org.springframework.aop.framework.ReflectiveMethodInvocation.proceed(ReflectiveMethodInvocation.java:163)
	at org.springframework.transaction.interceptor.TransactionAspectSupport.invokeWithinTransaction(TransactionAspectSupport.java:294)
	at org.springframework.transaction.interceptor.TransactionInterceptor.invoke(TransactionInterceptor.java:98)
	at org.springframework.aop.framework.ReflectiveMethodInvocation.proceed(ReflectiveMethodInvocation.java:185)
	at org.springframework.aop.framework.CglibAopProxy$DynamicAdvisedInterceptor.intercept(CglibAopProxy.java:688)
	at com.lectures.demo.serviceImpl.OrderServiceImpl$$EnhancerBySpringCGLIB$$5ea391fa.placeOrder(<generated>)
	at com.lectures.demo.controllers.LectController.placeOrder(LectController.java:155)
	at com.lectures.demo.controllers.LectController$$FastClassBySpringCGLIB$$8776a2fc.invoke(<generated>)
	at org.springframework.cglib.proxy.MethodProxy.invoke(MethodProxy.java:204)
	at org.springframework.aop.framework.CglibAopProxy$DynamicAdvisedInterceptor.intercept(CglibAopProxy.java:684)
	at com.lectures.demo.controllers.LectController$$EnhancerBySpringCGLIB$$3488e4.placeOrder(<generated>)
	at sun.reflect.NativeMethodAccessorImpl.invoke0(Native Method)
	at sun.reflect.NativeMethodAccessorImpl.invoke(NativeMethodAccessorImpl.java:62)
	at sun.reflect.DelegatingMethodAccessorImpl.invoke(DelegatingMethodAccessorImpl.java:43)
	at java.lang.reflect.Method.invoke(Method.java:498)
	at org.springframework.web.method.support.InvocableHandlerMethod.doInvoke(InvocableHandlerMethod.java:209)
	at org.springframework.web.method.support.InvocableHandlerMethod.invokeForRequest(InvocableHandlerMethod.java:136)
	at org.springframework.web.servlet.mvc.method.annotation.ServletInvocableHandlerMethod.invokeAndHandle(ServletInvocableHandlerMethod.java:102)
	at org.springframework.web.servlet.mvc.method.annotation.RequestMappingHandlerAdapter.invokeHandlerMethod(RequestMappingHandlerAdapter.java:891)
	at org.springframework.web.servlet.mvc.method.annotation.RequestMappingHandlerAdapter.handleInternal(RequestMappingHandlerAdapter.java:797)
	at org.springframework.web.servlet.mvc.method.AbstractHandlerMethodAdapter.handle(AbstractHandlerMethodAdapter.java:87)
	at org.springframework.web.servlet.DispatcherServlet.doDispatch(DispatcherServlet.java:991)
	at org.springframework.web.servlet.DispatcherServlet.doService(DispatcherServlet.java:925)
	at org.springframework.web.servlet.FrameworkServlet.processRequest(FrameworkServlet.java:974)
	at org.springframework.web.servlet.FrameworkServlet.doPost(FrameworkServlet.java:877)
	at javax.servlet.http.HttpServlet.service(HttpServlet.java:661)
	at org.springframework.web.servlet.FrameworkServlet.service(FrameworkServlet.java:851)
	at javax.servlet.http.HttpServlet.service(HttpServlet.java:742)
	at org.apache.catalina.core.ApplicationFilterChain.internalDoFilter(ApplicationFilterChain.java:231)
	at org.apache.catalina.core.ApplicationFilterChain.doFilter(ApplicationFilterChain.java:166)
	at org.apache.tomcat.websocket.server.WsFilter.doFilter(WsFilter.java:52)
	at org.apache.catalina.core.ApplicationFilterChain.internalDoFilter(ApplicationFilterChain.java:193)
	at org.apache.catalina.core.ApplicationFilterChain.doFilter(ApplicationFilterChain.java:166)
	at org.springframework.security.web.FilterChainProxy$VirtualFilterChain.doFilter(FilterChainProxy.java:320)
	at org.springframework.security.web.access.intercept.FilterSecurityInterceptor.invoke(FilterSecurityInterceptor.java:127)
	at org.springframework.security.web.access.intercept.FilterSecurityInterceptor.doFilter(FilterSecurityInterceptor.java:91)
	at org.springframework.security.web.FilterChainProxy$VirtualFilterChain.doFilter(FilterChainProxy.java:334)
	at org.springframework.security.web.access.ExceptionTranslationFilter.doFilter(ExceptionTranslationFilter.java:119)
	at org.springframework.security.web.FilterChainProxy$VirtualFilterChain.doFilter(FilterChainProxy.java:334)
	at org.springframework.security.web.session.SessionManagementFilter.doFilter(SessionManagementFilter.java:137)
	at org.springframework.security.web.FilterChainProxy$VirtualFilterChain.doFilter(FilterChainProxy.java:334)
	at org.springframework.security.web.authentication.AnonymousAuthenticationFilter.doFilter(AnonymousAuthenticationFilter.java:111)
	at org.springframework.security.web.FilterChainProxy$VirtualFilterChain.doFilter(FilterChainProxy.java:334)
	at org.springframework.security.web.servletapi.SecurityContextHolderAwareRequestFilter.doFilter(SecurityContextHolderAwareRequestFilter.java:170)
	at org.springframework.security.web.FilterChainProxy$VirtualFilterChain.doFilter(FilterChainProxy.java:334)
	at org.springframework.security.web.savedrequest.RequestCacheAwareFilter.doFilter(RequestCacheAwareFilter.java:63)
	at org.springframework.security.web.FilterChainProxy$VirtualFilterChain.doFilter(FilterChainProxy.java:334)
	at org.springframework.security.web.authentication.www.BasicAuthenticationFilter.doFilterInternal(BasicAuthenticationFilter.java:215)
	at org.springframework.web.filter.OncePerRequestFilter.doFilter(OncePerRequestFilter.java:107)
	at org.springframework.security.web.FilterChainProxy$VirtualFilterChain.doFilter(FilterChainProxy.java:334)
	at org.springframework.security.web.authentication.ui.DefaultLoginPageGeneratingFilter.doFilter(DefaultLoginPageGeneratingFilter.java:206)
	at org.springframework.security.web.FilterChainProxy$VirtualFilterChain.doFilter(FilterChainProxy.java:334)
	at org.springframework.security.web.authentication.AbstractAuthenticationProcessingFilter.doFilter(AbstractAuthenticationProcessingFilter.java:200)
	at org.springframework.security.web.FilterChainProxy$VirtualFilterChain.doFilter(FilterChainProxy.java:334)
	at org.springframework.security.web.authentication.logout.LogoutFilter.doFilter(LogoutFilter.java:116)
	at org.springframework.security.web.FilterChainProxy$VirtualFilterChain.doFilter(FilterChainProxy.java:334)
	at org.springframework.security.web.header.HeaderWriterFilter.doFilterInternal(HeaderWriterFilter.java:66)
	at org.springframework.web.filter.OncePerRequestFilter.doFilter(OncePerRequestFilter.java:107)
	at org.springframework.security.web.FilterChainProxy$VirtualFilterChain.doFilter(FilterChainProxy.java:334)
	at org.springframework.security.web.context.SecurityContextPersistenceFilter.doFilter(SecurityContextPersistenceFilter.java:105)
	at org.springframework.security.web.FilterChainProxy$VirtualFilterChain.doFilter(FilterChainProxy.java:334)
	at org.springframework.security.web.context.request.async.WebAsyncManagerIntegrationFilter.doFilterInternal(WebAsyncManagerIntegrationFilter.java:56)
	at org.springframework.web.filter.OncePerRequestFilter.doFilter(OncePerRequestFilter.java:107)
	at org.springframework.security.web.FilterChainProxy$VirtualFilterChain.doFilter(FilterChainProxy.java:334)
	at org.springframework.security.web.FilterChainProxy.doFilterInternal(FilterChainProxy.java:215)
	at org.springframework.security.web.FilterChainProxy.doFilter(FilterChainProxy.java:178)
	at org.springframework.web.filter.DelegatingFilterProxy.invokeDelegate(DelegatingFilterProxy.java:357)
	at org.springframework.web.filter.DelegatingFilterProxy.doFilter(DelegatingFilterProxy.java:270)
	at org.apache.catalina.core.ApplicationFilterChain.internalDoFilter(ApplicationFilterChain.java:193)
	at org.apache.catalina.core.ApplicationFilterChain.doFilter(ApplicationFilterChain.java:166)
	at org.springframework.web.filter.RequestContextFilter.doFilterInternal(RequestContextFilter.java:99)
	at org.springframework.web.filter.OncePerRequestFilter.doFilter(OncePerRequestFilter.java:107)
	at org.apache.catalina.core.ApplicationFilterChain.internalDoFilter(ApplicationFilterChain.java:193)
	at org.apache.catalina.core.ApplicationFilterChain.doFilter(ApplicationFilterChain.java:166)
	at org.springframework.web.filter.HttpPutFormContentFilter.doFilterInternal(HttpPutFormContentFilter.java:109)
	at org.springframework.web.filter.OncePerRequestFilter.doFilter(OncePerRequestFilter.java:107)
	at org.apache.catalina.core.ApplicationFilterChain.internalDoFilter(ApplicationFilterChain.java:193)
	at org.apache.catalina.core.ApplicationFilterChain.doFilter(ApplicationFilterChain.java:166)
	at org.springframework.web.filter.HiddenHttpMethodFilter.doFilterInternal(HiddenHttpMethodFilter.java:93)
	at org.springframework.web.filter.OncePerRequestFilter.doFilter(OncePerRequestFilter.java:107)
	at org.apache.catalina.core.ApplicationFilterChain.internalDoFilter(ApplicationFilterChain.java:193)
	at org.apache.catalina.core.ApplicationFilterChain.doFilter(ApplicationFilterChain.java:166)
	at org.springframework.web.filter.CharacterEncodingFilter.doFilterInternal(CharacterEncodingFilter.java:200)
	at org.springframework.web.filter.OncePerRequestFilter.doFilter(OncePerRequestFilter.java:107)
	at org.apache.catalina.core.ApplicationFilterChain.internalDoFilter(ApplicationFilterChain.java:193)
	at org.apache.catalina.core.ApplicationFilterChain.doFilter(ApplicationFilterChain.java:166)
	at org.apache.catalina.core.StandardWrapperValve.invoke(StandardWrapperValve.java:198)
	at org.apache.catalina.core.StandardContextValve.invoke(StandardContextValve.java:96)
	at org.apache.catalina.authenticator.AuthenticatorBase.invoke(AuthenticatorBase.java:493)
	at org.apache.catalina.core.StandardHostValve.invoke(StandardHostValve.java:140)
	at org.apache.catalina.valves.ErrorReportValve.invoke(ErrorReportValve.java:81)
	at org.apache.catalina.core.StandardEngineValve.invoke(StandardEngineValve.java:87)
	at org.apache.catalina.connector.CoyoteAdapter.service(CoyoteAdapter.java:342)
	at org.apache.coyote.http11.Http11Processor.service(Http11Processor.java:800)
	at org.apache.coyote.AbstractProcessorLight.process(AbstractProcessorLight.java:66)
	at org.apache.coyote.AbstractProtocol$ConnectionHandler.process(AbstractProtocol.java:806)
	at org.apache.tomcat.util.net.NioEndpoint$SocketProcessor.doRun(NioEndpoint.java:1498)
	at org.apache.tomcat.util.net.SocketProcessorBase.run(SocketProcessorBase.java:49)
	at java.util.concurrent.ThreadPoolExecutor.runWorker(ThreadPoolExecutor.java:1149)
	at java.util.concurrent.ThreadPoolExecutor$Worker.run(ThreadPoolExecutor.java:624)
	at org.apache.tomcat.util.threads.TaskThread$WrappingRunnable.run(TaskThread.java:61)
	at java.lang.Thread.run(Thread.java:748)
"2023-01-10 08:58:26 [Thread-7] INFO  o.s.b.w.s.c.AnnotationConfigServletWebServerApplicationContext - Closing org.springframework.boot.web.servlet.context.AnnotationConfigServletWebServerApplicationContext@4840bdcf: startup date [Tue Jan 10 08:52:46 IST 2023]; root of context hierarchy
""2023-01-10 08:58:26 [Thread-7] INFO  o.s.j.e.a.AnnotationMBeanExporter - Unregistering JMX-exposed beans on shutdown
""2023-01-10 08:58:26 [Thread-7] INFO  o.s.j.e.a.AnnotationMBeanExporter - Unregistering JMX-exposed beans
""2023-01-10 08:58:26 [Thread-7] INFO  o.s.o.j.LocalContainerEntityManagerFactoryBean - Closing JPA EntityManagerFactory for persistence unit 'default'
""2023-01-10 08:58:26 [Thread-7] INFO  com.zaxxer.hikari.HikariDataSource - HikariPool-1 - Shutdown initiated...
""2023-01-10 08:58:26 [Thread-7] INFO  com.zaxxer.hikari.HikariDataSource - HikariPool-1 - Shutdown completed.
""2023-01-10 08:58:27 [restartedMain] INFO  c.lectures.demo.LecturersApplication - Starting LecturersApplication on CELESTIALS with PID 38748 (started by 91730 in D:\spring projects\lecturers (2)\lecturers)
""2023-01-10 08:58:27 [restartedMain] INFO  c.lectures.demo.LecturersApplication - No active profile set, falling back to default profiles: default
""2023-01-10 08:58:27 [restartedMain] INFO  o.s.b.w.s.c.AnnotationConfigServletWebServerApplicationContext - Refreshing org.springframework.boot.web.servlet.context.AnnotationConfigServletWebServerApplicationContext@663816b5: startup date [Tue Jan 10 08:58:27 IST 2023]; root of context hierarchy
""2023-01-10 08:58:27 [restartedMain] INFO  o.s.c.s.PostProcessorRegistrationDelegate$BeanPostProcessorChecker - Bean 'org.springframework.transaction.annotation.ProxyTransactionManagementConfiguration' of type [org.springframework.transaction.annotation.ProxyTransactionManagementConfiguration$$EnhancerBySpringCGLIB$$7a8b7328] is not eligible for getting processed by all BeanPostProcessors (for example: not eligible for auto-proxying)
""2023-01-10 08:58:27 [restartedMain] INFO  o.s.c.s.PostProcessorRegistrationDelegate$BeanPostProcessorChecker - Bean 'org.springframework.security.config.annotation.configuration.ObjectPostProcessorConfiguration' of type [org.springframework.security.config.annotation.configuration.ObjectPostProcessorConfiguration$$EnhancerBySpringCGLIB$$13393b62] is not eligible for getting processed by all BeanPostProcessors (for example: not eligible for auto-proxying)
""2023-01-10 08:58:27 [restartedMain] INFO  o.s.c.s.PostProcessorRegistrationDelegate$BeanPostProcessorChecker - Bean 'objectPostProcessor' of type [org.springframework.security.config.annotation.configuration.AutowireBeanFactoryObjectPostProcessor] is not eligible for getting processed by all BeanPostProcessors (for example: not eligible for auto-proxying)
""2023-01-10 08:58:27 [restartedMain] INFO  o.s.c.s.PostProcessorRegistrationDelegate$BeanPostProcessorChecker - Bean 'org.springframework.security.access.expression.method.DefaultMethodSecurityExpressionHandler@303430' of type [org.springframework.security.access.expression.method.DefaultMethodSecurityExpressionHandler] is not eligible for getting processed by all BeanPostProcessors (for example: not eligible for auto-proxying)
""2023-01-10 08:58:27 [restartedMain] INFO  o.s.c.s.PostProcessorRegistrationDelegate$BeanPostProcessorChecker - Bean 'org.springframework.security.config.annotation.method.configuration.GlobalMethodSecurityConfiguration' of type [org.springframework.security.config.annotation.method.configuration.GlobalMethodSecurityConfiguration$$EnhancerBySpringCGLIB$$380dde14] is not eligible for getting processed by all BeanPostProcessors (for example: not eligible for auto-proxying)
""2023-01-10 08:58:27 [restartedMain] INFO  o.s.c.s.PostProcessorRegistrationDelegate$BeanPostProcessorChecker - Bean 'methodSecurityMetadataSource' of type [org.springframework.security.access.method.DelegatingMethodSecurityMetadataSource] is not eligible for getting processed by all BeanPostProcessors (for example: not eligible for auto-proxying)
""2023-01-10 08:58:27 [restartedMain] INFO  o.s.b.w.e.tomcat.TomcatWebServer - Tomcat initialized with port(s): 8080 (http)
""2023-01-10 08:58:27 [restartedMain] INFO  o.a.catalina.core.StandardService - Starting service [Tomcat]
""2023-01-10 08:58:27 [restartedMain] INFO  o.a.catalina.core.StandardEngine - Starting Servlet Engine: Apache Tomcat/8.5.34
""2023-01-10 08:58:27 [localhost-startStop-1] INFO  o.a.c.c.C.[Tomcat].[localhost].[/] - Initializing Spring embedded WebApplicationContext
""2023-01-10 08:58:27 [localhost-startStop-1] INFO  o.s.b.w.s.FilterRegistrationBean - Mapping filter: 'characterEncodingFilter' to: [/*]
""2023-01-10 08:58:27 [localhost-startStop-1] INFO  o.s.b.w.s.FilterRegistrationBean - Mapping filter: 'hiddenHttpMethodFilter' to: [/*]
""2023-01-10 08:58:27 [localhost-startStop-1] INFO  o.s.b.w.s.FilterRegistrationBean - Mapping filter: 'httpPutFormContentFilter' to: [/*]
""2023-01-10 08:58:27 [localhost-startStop-1] INFO  o.s.b.w.s.FilterRegistrationBean - Mapping filter: 'requestContextFilter' to: [/*]
""2023-01-10 08:58:27 [localhost-startStop-1] INFO  o.s.b.w.s.DelegatingFilterProxyRegistrationBean - Mapping filter: 'springSecurityFilterChain' to: [/*]
""2023-01-10 08:58:27 [localhost-startStop-1] INFO  o.s.b.w.s.ServletRegistrationBean - Servlet dispatcherServlet mapped to [/]
""2023-01-10 08:58:27 [restartedMain] INFO  com.zaxxer.hikari.HikariDataSource - HikariPool-2 - Starting...
""2023-01-10 08:58:27 [restartedMain] INFO  com.zaxxer.hikari.HikariDataSource - HikariPool-2 - Start completed.
""2023-01-10 08:58:27 [restartedMain] INFO  o.s.o.j.LocalContainerEntityManagerFactoryBean - Building JPA container EntityManagerFactory for persistence unit 'default'
""2023-01-10 08:58:27 [restartedMain] INFO  o.h.jpa.internal.util.LogHelper - HHH000204: Processing PersistenceUnitInfo [
	name: default
	...]
""2023-01-10 08:58:27 [restartedMain] INFO  org.hibernate.dialect.Dialect - HHH000400: Using dialect: org.hibernate.dialect.MySQL5Dialect
""2023-01-10 08:58:27 [restartedMain] INFO  o.s.o.j.LocalContainerEntityManagerFactoryBean - Initialized JPA EntityManagerFactory for persistence unit 'default'
""2023-01-10 08:58:27 [restartedMain] INFO  o.h.h.i.QueryTranslatorFactoryInitiator - HHH000397: Using ASTQueryTranslatorFactory
""2023-01-10 08:58:27 [restartedMain] INFO  o.s.s.web.DefaultSecurityFilterChain - Creating filter chain: org.springframework.security.web.util.matcher.AnyRequestMatcher@1, [org.springframework.security.web.context.request.async.WebAsyncManagerIntegrationFilter@316b81b7, org.springframework.security.web.context.SecurityContextPersistenceFilter@12fd2f9d, org.springframework.security.web.header.HeaderWriterFilter@1718bf77, org.springframework.security.web.authentication.logout.LogoutFilter@54ea297d, org.springframework.security.web.authentication.UsernamePasswordAuthenticationFilter@21c911ae, org.springframework.security.web.authentication.ui.DefaultLoginPageGeneratingFilter@2f907ad5, org.springframework.security.web.authentication.www.BasicAuthenticationFilter@1749a75b, org.springframework.security.web.savedrequest.RequestCacheAwareFilter@6d4d8c61, org.springframework.security.web.servletapi.SecurityContextHolderAwareRequestFilter@3ffc65b8, org.springframework.security.web.authentication.AnonymousAuthenticationFilter@79202a06, org.springframework.security.web.session.SessionManagementFilter@6a5f5476, org.springframework.security.web.access.ExceptionTranslationFilter@37f906cd, org.springframework.security.web.access.intercept.FilterSecurityInterceptor@59f23e32]
""2023-01-10 08:58:27 [restartedMain] WARN  o.s.b.a.o.j.JpaBaseConfiguration$JpaWebConfiguration$JpaWebMvcConfiguration - spring.jpa.open-in-view is enabled by default. Therefore, database queries may be performed during view rendering. Explicitly configure spring.jpa.open-in-view to disable this warning
""2023-01-10 08:58:27 [restartedMain] WARN  o.s.b.a.t.ThymeleafAutoConfiguration$DefaultTemplateResolverConfiguration - Cannot find template location: classpath:/templates/ (please add some templates or check your Thymeleaf configuration)
""2023-01-10 08:58:27 [restartedMain] INFO  o.s.b.d.a.OptionalLiveReloadServer - LiveReload server is running on port 35729
""2023-01-10 08:58:27 [restartedMain] INFO  o.s.j.e.a.AnnotationMBeanExporter - Registering beans for JMX exposure on startup
""2023-01-10 08:58:27 [restartedMain] INFO  o.s.j.e.a.AnnotationMBeanExporter - Bean with name 'dataSource' has been autodetected for JMX exposure
""2023-01-10 08:58:27 [restartedMain] INFO  o.s.j.e.a.AnnotationMBeanExporter - Located MBean 'dataSource': registering with JMX server as MBean [com.zaxxer.hikari:name=dataSource,type=HikariDataSource]
""2023-01-10 08:58:27 [restartedMain] INFO  o.s.b.w.e.tomcat.TomcatWebServer - Tomcat started on port(s): 8080 (http) with context path ''
""2023-01-10 08:58:27 [restartedMain] INFO  c.lectures.demo.LecturersApplication - Started LecturersApplication in 0.86 seconds (JVM running for 342.301)
""2023-01-10 08:58:27 [restartedMain] INFO  o.s.b.d.a.ConditionEvaluationDeltaLoggingListener - Condition evaluation unchanged
""2023-01-10 08:58:29 [RMI TCP Connection(8)-127.0.0.1] INFO  o.s.b.a.SpringApplicationAdminMXBeanRegistrar$SpringApplicationAdmin - Application shutdown requested.
""2023-01-10 08:58:29 [RMI TCP Connection(8)-127.0.0.1] INFO  o.s.b.w.s.c.AnnotationConfigServletWebServerApplicationContext - Closing org.springframework.boot.web.servlet.context.AnnotationConfigServletWebServerApplicationContext@663816b5: startup date [Tue Jan 10 08:58:27 IST 2023]; root of context hierarchy
""2023-01-10 08:58:29 [RMI TCP Connection(8)-127.0.0.1] INFO  o.s.j.e.a.AnnotationMBeanExporter - Unregistering JMX-exposed beans on shutdown
""2023-01-10 08:58:29 [RMI TCP Connection(8)-127.0.0.1] INFO  o.s.j.e.a.AnnotationMBeanExporter - Unregistering JMX-exposed beans
""2023-01-10 08:58:29 [RMI TCP Connection(8)-127.0.0.1] INFO  o.s.o.j.LocalContainerEntityManagerFactoryBean - Closing JPA EntityManagerFactory for persistence unit 'default'
""2023-01-10 08:58:29 [RMI TCP Connection(8)-127.0.0.1] INFO  com.zaxxer.hikari.HikariDataSource - HikariPool-2 - Shutdown initiated...
""2023-01-10 08:58:29 [RMI TCP Connection(8)-127.0.0.1] INFO  com.zaxxer.hikari.HikariDataSource - HikariPool-2 - Shutdown completed.
""2023-01-10 08:58:36 [restartedMain] INFO  c.lectures.demo.LecturersApplication - Starting LecturersApplication on CELESTIALS with PID 19516 (started by 91730 in D:\spring projects\lecturers (2)\lecturers)
""2023-01-10 08:58:36 [restartedMain] INFO  c.lectures.demo.LecturersApplication - No active profile set, falling back to default profiles: default
""2023-01-10 08:58:36 [restartedMain] INFO  o.s.b.w.s.c.AnnotationConfigServletWebServerApplicationContext - Refreshing org.springframework.boot.web.servlet.context.AnnotationConfigServletWebServerApplicationContext@1f1d9bc9: startup date [Tue Jan 10 08:58:36 IST 2023]; root of context hierarchy
""2023-01-10 08:58:37 [restartedMain] INFO  o.s.c.s.PostProcessorRegistrationDelegate$BeanPostProcessorChecker - Bean 'org.springframework.transaction.annotation.ProxyTransactionManagementConfiguration' of type [org.springframework.transaction.annotation.ProxyTransactionManagementConfiguration$$EnhancerBySpringCGLIB$$96b9176] is not eligible for getting processed by all BeanPostProcessors (for example: not eligible for auto-proxying)
""2023-01-10 08:58:37 [restartedMain] INFO  o.s.c.s.PostProcessorRegistrationDelegate$BeanPostProcessorChecker - Bean 'org.springframework.security.config.annotation.configuration.ObjectPostProcessorConfiguration' of type [org.springframework.security.config.annotation.configuration.ObjectPostProcessorConfiguration$$EnhancerBySpringCGLIB$$a21959b0] is not eligible for getting processed by all BeanPostProcessors (for example: not eligible for auto-proxying)
""2023-01-10 08:58:37 [restartedMain] INFO  o.s.c.s.PostProcessorRegistrationDelegate$BeanPostProcessorChecker - Bean 'objectPostProcessor' of type [org.springframework.security.config.annotation.configuration.AutowireBeanFactoryObjectPostProcessor] is not eligible for getting processed by all BeanPostProcessors (for example: not eligible for auto-proxying)
""2023-01-10 08:58:37 [restartedMain] INFO  o.s.c.s.PostProcessorRegistrationDelegate$BeanPostProcessorChecker - Bean 'org.springframework.security.access.expression.method.DefaultMethodSecurityExpressionHandler@57586524' of type [org.springframework.security.access.expression.method.DefaultMethodSecurityExpressionHandler] is not eligible for getting processed by all BeanPostProcessors (for example: not eligible for auto-proxying)
""2023-01-10 08:58:37 [restartedMain] INFO  o.s.c.s.PostProcessorRegistrationDelegate$BeanPostProcessorChecker - Bean 'org.springframework.security.config.annotation.method.configuration.GlobalMethodSecurityConfiguration' of type [org.springframework.security.config.annotation.method.configuration.GlobalMethodSecurityConfiguration$$EnhancerBySpringCGLIB$$c6edfc62] is not eligible for getting processed by all BeanPostProcessors (for example: not eligible for auto-proxying)
""2023-01-10 08:58:37 [restartedMain] INFO  o.s.c.s.PostProcessorRegistrationDelegate$BeanPostProcessorChecker - Bean 'methodSecurityMetadataSource' of type [org.springframework.security.access.method.DelegatingMethodSecurityMetadataSource] is not eligible for getting processed by all BeanPostProcessors (for example: not eligible for auto-proxying)
""2023-01-10 08:58:38 [restartedMain] INFO  o.s.b.w.e.tomcat.TomcatWebServer - Tomcat initialized with port(s): 8080 (http)
""2023-01-10 08:58:38 [restartedMain] INFO  o.a.catalina.core.StandardService - Starting service [Tomcat]
""2023-01-10 08:58:38 [restartedMain] INFO  o.a.catalina.core.StandardEngine - Starting Servlet Engine: Apache Tomcat/8.5.34
""2023-01-10 08:58:38 [localhost-startStop-1] INFO  o.a.c.core.AprLifecycleListener - The APR based Apache Tomcat Native library which allows optimal performance in production environments was not found on the java.library.path: [C:\Program Files\Java\jdk1.8.0_202\bin;C:\WINDOWS\Sun\Java\bin;C:\WINDOWS\system32;C:\WINDOWS;D:/softwares/sts-4.14.1.RELEASE//plugins/org.eclipse.justj.openjdk.hotspot.jre.full.win32.x86_64_17.0.2.v20220201-1208/jre/bin/server;D:/softwares/sts-4.14.1.RELEASE//plugins/org.eclipse.justj.openjdk.hotspot.jre.full.win32.x86_64_17.0.2.v20220201-1208/jre/bin;C:\Program Files (x86)\Common Files\Oracle\Java\javapath;C:\WINDOWS\system32;C:\WINDOWS;C:\WINDOWS\System32\Wbem;C:\WINDOWS\System32\WindowsPowerShell\v1.0\;C:\WINDOWS\System32\OpenSSH\;C:\Program Files\Java\jdk1.8.0_333\bin;C:\Program Files\Java\jre1.8.0_202\bin;C:\Program Files\nodejs\;D:\softwares\apache-maven-3.8.6-bin\apache-maven-3.8.6\bin;C:\Users\91730\AppData\Local\Microsoft\WindowsApps;D:\Microsoft VS Code\bin;C:\Users\91730\AppData\Roaming\npm;D:\softwares\apache-maven-3.8.6-bin\apache-maven-3.8.6\bin;;D:\softwares\sts-4.14.1.RELEASE;;.]
""2023-01-10 08:58:38 [localhost-startStop-1] INFO  o.a.c.c.C.[Tomcat].[localhost].[/] - Initializing Spring embedded WebApplicationContext
""2023-01-10 08:58:38 [localhost-startStop-1] INFO  o.s.b.w.s.FilterRegistrationBean - Mapping filter: 'characterEncodingFilter' to: [/*]
""2023-01-10 08:58:38 [localhost-startStop-1] INFO  o.s.b.w.s.FilterRegistrationBean - Mapping filter: 'hiddenHttpMethodFilter' to: [/*]
""2023-01-10 08:58:38 [localhost-startStop-1] INFO  o.s.b.w.s.FilterRegistrationBean - Mapping filter: 'httpPutFormContentFilter' to: [/*]
""2023-01-10 08:58:38 [localhost-startStop-1] INFO  o.s.b.w.s.FilterRegistrationBean - Mapping filter: 'requestContextFilter' to: [/*]
""2023-01-10 08:58:38 [localhost-startStop-1] INFO  o.s.b.w.s.DelegatingFilterProxyRegistrationBean - Mapping filter: 'springSecurityFilterChain' to: [/*]
""2023-01-10 08:58:38 [localhost-startStop-1] INFO  o.s.b.w.s.ServletRegistrationBean - Servlet dispatcherServlet mapped to [/]
""2023-01-10 08:58:38 [restartedMain] INFO  com.zaxxer.hikari.HikariDataSource - HikariPool-1 - Starting...
""2023-01-10 08:58:38 [restartedMain] INFO  com.zaxxer.hikari.HikariDataSource - HikariPool-1 - Start completed.
""2023-01-10 08:58:38 [restartedMain] INFO  o.s.o.j.LocalContainerEntityManagerFactoryBean - Building JPA container EntityManagerFactory for persistence unit 'default'
""2023-01-10 08:58:38 [restartedMain] INFO  o.h.jpa.internal.util.LogHelper - HHH000204: Processing PersistenceUnitInfo [
	name: default
	...]
""2023-01-10 08:58:38 [restartedMain] INFO  org.hibernate.Version - HHH000412: Hibernate Core {5.2.17.Final}
""2023-01-10 08:58:38 [restartedMain] INFO  org.hibernate.cfg.Environment - HHH000206: hibernate.properties not found
""2023-01-10 08:58:38 [restartedMain] INFO  o.h.annotations.common.Version - HCANN000001: Hibernate Commons Annotations {5.0.1.Final}
""2023-01-10 08:58:38 [restartedMain] INFO  org.hibernate.dialect.Dialect - HHH000400: Using dialect: org.hibernate.dialect.MySQL5Dialect
""2023-01-10 08:58:39 [restartedMain] INFO  o.s.o.j.LocalContainerEntityManagerFactoryBean - Initialized JPA EntityManagerFactory for persistence unit 'default'
""2023-01-10 08:58:39 [restartedMain] INFO  o.h.h.i.QueryTranslatorFactoryInitiator - HHH000397: Using ASTQueryTranslatorFactory
""2023-01-10 08:58:40 [restartedMain] INFO  o.s.s.web.DefaultSecurityFilterChain - Creating filter chain: org.springframework.security.web.util.matcher.AnyRequestMatcher@1, [org.springframework.security.web.context.request.async.WebAsyncManagerIntegrationFilter@58f1a842, org.springframework.security.web.context.SecurityContextPersistenceFilter@6a6eb600, org.springframework.security.web.header.HeaderWriterFilter@4b76fa76, org.springframework.security.web.authentication.logout.LogoutFilter@30fd477, org.springframework.security.web.authentication.UsernamePasswordAuthenticationFilter@e5563d5, org.springframework.security.web.authentication.ui.DefaultLoginPageGeneratingFilter@5eda4dd, org.springframework.security.web.authentication.www.BasicAuthenticationFilter@662522e9, org.springframework.security.web.savedrequest.RequestCacheAwareFilter@6b14c146, org.springframework.security.web.servletapi.SecurityContextHolderAwareRequestFilter@6729ddf9, org.springframework.security.web.authentication.AnonymousAuthenticationFilter@789e4182, org.springframework.security.web.session.SessionManagementFilter@1708bfb, org.springframework.security.web.access.ExceptionTranslationFilter@229f73d3, org.springframework.security.web.access.intercept.FilterSecurityInterceptor@7f11d8f6]
""2023-01-10 08:58:40 [restartedMain] WARN  o.s.b.a.o.j.JpaBaseConfiguration$JpaWebConfiguration$JpaWebMvcConfiguration - spring.jpa.open-in-view is enabled by default. Therefore, database queries may be performed during view rendering. Explicitly configure spring.jpa.open-in-view to disable this warning
""2023-01-10 08:58:40 [restartedMain] WARN  o.s.b.a.t.ThymeleafAutoConfiguration$DefaultTemplateResolverConfiguration - Cannot find template location: classpath:/templates/ (please add some templates or check your Thymeleaf configuration)
""2023-01-10 08:58:40 [restartedMain] INFO  o.s.b.d.a.OptionalLiveReloadServer - LiveReload server is running on port 35729
""2023-01-10 08:58:40 [restartedMain] INFO  o.s.j.e.a.AnnotationMBeanExporter - Registering beans for JMX exposure on startup
""2023-01-10 08:58:40 [restartedMain] INFO  o.s.j.e.a.AnnotationMBeanExporter - Bean with name 'dataSource' has been autodetected for JMX exposure
""2023-01-10 08:58:40 [restartedMain] INFO  o.s.j.e.a.AnnotationMBeanExporter - Located MBean 'dataSource': registering with JMX server as MBean [com.zaxxer.hikari:name=dataSource,type=HikariDataSource]
""2023-01-10 08:58:40 [restartedMain] INFO  o.s.b.w.e.tomcat.TomcatWebServer - Tomcat started on port(s): 8080 (http) with context path ''
""2023-01-10 08:58:40 [restartedMain] INFO  c.lectures.demo.LecturersApplication - Started LecturersApplication in 4.025 seconds (JVM running for 4.515)
""2023-01-10 08:58:58 [http-nio-8080-exec-3] INFO  o.a.c.c.C.[Tomcat].[localhost].[/] - Initializing Spring FrameworkServlet 'dispatcherServlet'
""2023-01-10 09:06:43 [RMI TCP Connection(10)-127.0.0.1] INFO  o.s.b.a.SpringApplicationAdminMXBeanRegistrar$SpringApplicationAdmin - Application shutdown requested.
""2023-01-10 09:06:43 [RMI TCP Connection(10)-127.0.0.1] INFO  o.s.b.w.s.c.AnnotationConfigServletWebServerApplicationContext - Closing org.springframework.boot.web.servlet.context.AnnotationConfigServletWebServerApplicationContext@1f1d9bc9: startup date [Tue Jan 10 08:58:36 IST 2023]; root of context hierarchy
""2023-01-10 09:06:43 [RMI TCP Connection(10)-127.0.0.1] INFO  o.s.j.e.a.AnnotationMBeanExporter - Unregistering JMX-exposed beans on shutdown
""2023-01-10 09:06:43 [RMI TCP Connection(10)-127.0.0.1] INFO  o.s.j.e.a.AnnotationMBeanExporter - Unregistering JMX-exposed beans
""2023-01-10 09:06:43 [RMI TCP Connection(10)-127.0.0.1] INFO  o.s.o.j.LocalContainerEntityManagerFactoryBean - Closing JPA EntityManagerFactory for persistence unit 'default'
""2023-01-10 09:06:43 [RMI TCP Connection(10)-127.0.0.1] INFO  com.zaxxer.hikari.HikariDataSource - HikariPool-1 - Shutdown initiated...
""2023-01-10 09:06:43 [RMI TCP Connection(10)-127.0.0.1] INFO  com.zaxxer.hikari.HikariDataSource - HikariPool-1 - Shutdown completed.
""2023-01-10 09:56:46 [restartedMain] INFO  c.lectures.demo.LecturersApplication - Starting LecturersApplication on CELESTIALS with PID 18284 (started by 91730 in D:\spring projects\lecturers (2)\lecturers)
""2023-01-10 09:56:46 [restartedMain] INFO  c.lectures.demo.LecturersApplication - No active profile set, falling back to default profiles: default
""2023-01-10 09:56:46 [restartedMain] INFO  o.s.b.w.s.c.AnnotationConfigServletWebServerApplicationContext - Refreshing org.springframework.boot.web.servlet.context.AnnotationConfigServletWebServerApplicationContext@728f2d5e: startup date [Tue Jan 10 09:56:46 IST 2023]; root of context hierarchy
""2023-01-10 09:56:47 [restartedMain] INFO  o.s.c.s.PostProcessorRegistrationDelegate$BeanPostProcessorChecker - Bean 'org.springframework.transaction.annotation.ProxyTransactionManagementConfiguration' of type [org.springframework.transaction.annotation.ProxyTransactionManagementConfiguration$$EnhancerBySpringCGLIB$$a854aa86] is not eligible for getting processed by all BeanPostProcessors (for example: not eligible for auto-proxying)
""2023-01-10 09:56:47 [restartedMain] INFO  o.s.c.s.PostProcessorRegistrationDelegate$BeanPostProcessorChecker - Bean 'org.springframework.security.config.annotation.configuration.ObjectPostProcessorConfiguration' of type [org.springframework.security.config.annotation.configuration.ObjectPostProcessorConfiguration$$EnhancerBySpringCGLIB$$410272c0] is not eligible for getting processed by all BeanPostProcessors (for example: not eligible for auto-proxying)
""2023-01-10 09:56:47 [restartedMain] INFO  o.s.c.s.PostProcessorRegistrationDelegate$BeanPostProcessorChecker - Bean 'objectPostProcessor' of type [org.springframework.security.config.annotation.configuration.AutowireBeanFactoryObjectPostProcessor] is not eligible for getting processed by all BeanPostProcessors (for example: not eligible for auto-proxying)
""2023-01-10 09:56:47 [restartedMain] INFO  o.s.c.s.PostProcessorRegistrationDelegate$BeanPostProcessorChecker - Bean 'org.springframework.security.access.expression.method.DefaultMethodSecurityExpressionHandler@9d9da1b' of type [org.springframework.security.access.expression.method.DefaultMethodSecurityExpressionHandler] is not eligible for getting processed by all BeanPostProcessors (for example: not eligible for auto-proxying)
""2023-01-10 09:56:47 [restartedMain] INFO  o.s.c.s.PostProcessorRegistrationDelegate$BeanPostProcessorChecker - Bean 'org.springframework.security.config.annotation.method.configuration.GlobalMethodSecurityConfiguration' of type [org.springframework.security.config.annotation.method.configuration.GlobalMethodSecurityConfiguration$$EnhancerBySpringCGLIB$$65d71572] is not eligible for getting processed by all BeanPostProcessors (for example: not eligible for auto-proxying)
""2023-01-10 09:56:47 [restartedMain] INFO  o.s.c.s.PostProcessorRegistrationDelegate$BeanPostProcessorChecker - Bean 'methodSecurityMetadataSource' of type [org.springframework.security.access.method.DelegatingMethodSecurityMetadataSource] is not eligible for getting processed by all BeanPostProcessors (for example: not eligible for auto-proxying)
""2023-01-10 09:56:47 [restartedMain] INFO  o.s.b.w.e.tomcat.TomcatWebServer - Tomcat initialized with port(s): 8080 (http)
""2023-01-10 09:56:47 [restartedMain] INFO  o.a.catalina.core.StandardService - Starting service [Tomcat]
""2023-01-10 09:56:47 [restartedMain] INFO  o.a.catalina.core.StandardEngine - Starting Servlet Engine: Apache Tomcat/8.5.34
""2023-01-10 09:56:47 [localhost-startStop-1] INFO  o.a.c.core.AprLifecycleListener - The APR based Apache Tomcat Native library which allows optimal performance in production environments was not found on the java.library.path: [C:\Program Files\Java\jdk1.8.0_202\bin;C:\WINDOWS\Sun\Java\bin;C:\WINDOWS\system32;C:\WINDOWS;D:/softwares/sts-4.14.1.RELEASE//plugins/org.eclipse.justj.openjdk.hotspot.jre.full.win32.x86_64_17.0.2.v20220201-1208/jre/bin/server;D:/softwares/sts-4.14.1.RELEASE//plugins/org.eclipse.justj.openjdk.hotspot.jre.full.win32.x86_64_17.0.2.v20220201-1208/jre/bin;C:\Program Files (x86)\Common Files\Oracle\Java\javapath;C:\WINDOWS\system32;C:\WINDOWS;C:\WINDOWS\System32\Wbem;C:\WINDOWS\System32\WindowsPowerShell\v1.0\;C:\WINDOWS\System32\OpenSSH\;C:\Program Files\Java\jdk1.8.0_333\bin;C:\Program Files\Java\jre1.8.0_202\bin;C:\Program Files\nodejs\;D:\softwares\apache-maven-3.8.6-bin\apache-maven-3.8.6\bin;C:\Users\91730\AppData\Local\Microsoft\WindowsApps;D:\Microsoft VS Code\bin;C:\Users\91730\AppData\Roaming\npm;D:\softwares\apache-maven-3.8.6-bin\apache-maven-3.8.6\bin;;D:\softwares\sts-4.14.1.RELEASE;;.]
""2023-01-10 09:56:47 [localhost-startStop-1] INFO  o.a.c.c.C.[Tomcat].[localhost].[/] - Initializing Spring embedded WebApplicationContext
""2023-01-10 09:56:47 [localhost-startStop-1] INFO  o.s.b.w.s.FilterRegistrationBean - Mapping filter: 'characterEncodingFilter' to: [/*]
""2023-01-10 09:56:47 [localhost-startStop-1] INFO  o.s.b.w.s.FilterRegistrationBean - Mapping filter: 'hiddenHttpMethodFilter' to: [/*]
""2023-01-10 09:56:47 [localhost-startStop-1] INFO  o.s.b.w.s.FilterRegistrationBean - Mapping filter: 'httpPutFormContentFilter' to: [/*]
""2023-01-10 09:56:47 [localhost-startStop-1] INFO  o.s.b.w.s.FilterRegistrationBean - Mapping filter: 'requestContextFilter' to: [/*]
""2023-01-10 09:56:47 [localhost-startStop-1] INFO  o.s.b.w.s.DelegatingFilterProxyRegistrationBean - Mapping filter: 'springSecurityFilterChain' to: [/*]
""2023-01-10 09:56:47 [localhost-startStop-1] INFO  o.s.b.w.s.ServletRegistrationBean - Servlet dispatcherServlet mapped to [/]
""2023-01-10 09:56:47 [restartedMain] INFO  com.zaxxer.hikari.HikariDataSource - HikariPool-1 - Starting...
""2023-01-10 09:56:48 [restartedMain] INFO  com.zaxxer.hikari.HikariDataSource - HikariPool-1 - Start completed.
""2023-01-10 09:56:48 [restartedMain] INFO  o.s.o.j.LocalContainerEntityManagerFactoryBean - Building JPA container EntityManagerFactory for persistence unit 'default'
""2023-01-10 09:56:48 [restartedMain] INFO  o.h.jpa.internal.util.LogHelper - HHH000204: Processing PersistenceUnitInfo [
	name: default
	...]
""2023-01-10 09:56:48 [restartedMain] INFO  org.hibernate.Version - HHH000412: Hibernate Core {5.2.17.Final}
""2023-01-10 09:56:48 [restartedMain] INFO  org.hibernate.cfg.Environment - HHH000206: hibernate.properties not found
""2023-01-10 09:56:48 [restartedMain] INFO  o.h.annotations.common.Version - HCANN000001: Hibernate Commons Annotations {5.0.1.Final}
""2023-01-10 09:56:48 [restartedMain] INFO  org.hibernate.dialect.Dialect - HHH000400: Using dialect: org.hibernate.dialect.MySQL5Dialect
""2023-01-10 09:56:48 [restartedMain] INFO  o.s.o.j.LocalContainerEntityManagerFactoryBean - Initialized JPA EntityManagerFactory for persistence unit 'default'
""2023-01-10 09:56:48 [restartedMain] INFO  o.h.h.i.QueryTranslatorFactoryInitiator - HHH000397: Using ASTQueryTranslatorFactory
""2023-01-10 09:56:49 [restartedMain] INFO  o.s.s.web.DefaultSecurityFilterChain - Creating filter chain: org.springframework.security.web.util.matcher.AnyRequestMatcher@1, [org.springframework.security.web.context.request.async.WebAsyncManagerIntegrationFilter@4b111344, org.springframework.security.web.context.SecurityContextPersistenceFilter@40a96e8d, org.springframework.security.web.header.HeaderWriterFilter@2274e12d, org.springframework.security.web.authentication.logout.LogoutFilter@1e2a7245, org.springframework.security.web.authentication.UsernamePasswordAuthenticationFilter@447c3ab1, org.springframework.security.web.authentication.ui.DefaultLoginPageGeneratingFilter@43d7b311, org.springframework.security.web.authentication.www.BasicAuthenticationFilter@1ec008cf, org.springframework.security.web.savedrequest.RequestCacheAwareFilter@3f03108c, org.springframework.security.web.servletapi.SecurityContextHolderAwareRequestFilter@31b59e3a, org.springframework.security.web.authentication.AnonymousAuthenticationFilter@4bb1aaa, org.springframework.security.web.session.SessionManagementFilter@4808770c, org.springframework.security.web.access.ExceptionTranslationFilter@2311f09c, org.springframework.security.web.access.intercept.FilterSecurityInterceptor@3453b569]
""2023-01-10 09:56:49 [restartedMain] WARN  o.s.b.a.o.j.JpaBaseConfiguration$JpaWebConfiguration$JpaWebMvcConfiguration - spring.jpa.open-in-view is enabled by default. Therefore, database queries may be performed during view rendering. Explicitly configure spring.jpa.open-in-view to disable this warning
""2023-01-10 09:56:49 [restartedMain] WARN  o.s.b.a.t.ThymeleafAutoConfiguration$DefaultTemplateResolverConfiguration - Cannot find template location: classpath:/templates/ (please add some templates or check your Thymeleaf configuration)
""2023-01-10 09:56:49 [restartedMain] WARN  o.s.b.a.batch.JpaBatchConfigurer - JPA does not support custom isolation levels, so locks may not be taken when launching Jobs
""2023-01-10 09:56:49 [restartedMain] INFO  o.s.b.c.r.s.JobRepositoryFactoryBean - No database type set, using meta data indicating: MYSQL
""2023-01-10 09:56:49 [restartedMain] INFO  o.s.b.c.l.support.SimpleJobLauncher - No TaskExecutor has been set, defaulting to synchronous executor.
""2023-01-10 09:56:50 [restartedMain] INFO  o.s.b.d.a.OptionalLiveReloadServer - LiveReload server is running on port 35729
""2023-01-10 09:56:50 [restartedMain] INFO  o.s.j.e.a.AnnotationMBeanExporter - Registering beans for JMX exposure on startup
""2023-01-10 09:56:50 [restartedMain] INFO  o.s.j.e.a.AnnotationMBeanExporter - Bean with name 'dataSource' has been autodetected for JMX exposure
""2023-01-10 09:56:50 [restartedMain] INFO  o.s.j.e.a.AnnotationMBeanExporter - Located MBean 'dataSource': registering with JMX server as MBean [com.zaxxer.hikari:name=dataSource,type=HikariDataSource]
""2023-01-10 09:56:50 [restartedMain] INFO  o.s.b.w.e.tomcat.TomcatWebServer - Tomcat started on port(s): 8080 (http) with context path ''
""2023-01-10 09:56:50 [restartedMain] INFO  c.lectures.demo.LecturersApplication - Started LecturersApplication in 4.304 seconds (JVM running for 4.878)
""2023-01-10 09:56:50 [restartedMain] INFO  o.s.b.a.b.JobLauncherCommandLineRunner - Running default command line with: [--spring.output.ansi.enabled=always]
""2023-01-10 09:56:50 [restartedMain] INFO  o.s.b.f.xml.XmlBeanDefinitionReader - Loading XML bean definitions from class path resource [org/springframework/jdbc/support/sql-error-codes.xml]
""2023-01-10 09:56:50 [restartedMain] INFO  o.s.b.a.l.ConditionEvaluationReportLoggingListener - 

Error starting ApplicationContext. To display the conditions report re-run your application with 'debug' enabled.
""2023-01-10 09:56:50 [restartedMain] ERROR o.s.boot.SpringApplication - Application run failed
"java.lang.IllegalStateException: Failed to execute CommandLineRunner
	at org.springframework.boot.SpringApplication.callRunner(SpringApplication.java:821)
	at org.springframework.boot.SpringApplication.callRunners(SpringApplication.java:802)
	at org.springframework.boot.SpringApplication.run(SpringApplication.java:341)
	at org.springframework.boot.SpringApplication.run(SpringApplication.java:1277)
	at org.springframework.boot.SpringApplication.run(SpringApplication.java:1265)
	at com.lectures.demo.LecturersApplication.main(LecturersApplication.java:20)
	at sun.reflect.NativeMethodAccessorImpl.invoke0(Native Method)
	at sun.reflect.NativeMethodAccessorImpl.invoke(NativeMethodAccessorImpl.java:62)
	at sun.reflect.DelegatingMethodAccessorImpl.invoke(DelegatingMethodAccessorImpl.java:43)
	at java.lang.reflect.Method.invoke(Method.java:498)
	at org.springframework.boot.devtools.restart.RestartLauncher.run(RestartLauncher.java:49)
Caused by: org.springframework.jdbc.BadSqlGrammarException: PreparedStatementCallback; bad SQL grammar [SELECT JOB_INSTANCE_ID, JOB_NAME from BATCH_JOB_INSTANCE where JOB_NAME = ? order by JOB_INSTANCE_ID desc]; nested exception is java.sql.SQLSyntaxErrorException: Table 'emp-app.batch_job_instance' doesn't exist
	at org.springframework.jdbc.support.SQLErrorCodeSQLExceptionTranslator.doTranslate(SQLErrorCodeSQLExceptionTranslator.java:234)
	at org.springframework.jdbc.support.AbstractFallbackSQLExceptionTranslator.translate(AbstractFallbackSQLExceptionTranslator.java:72)
	at org.springframework.jdbc.core.JdbcTemplate.translateException(JdbcTemplate.java:1402)
	at org.springframework.jdbc.core.JdbcTemplate.execute(JdbcTemplate.java:620)
	at org.springframework.jdbc.core.JdbcTemplate.query(JdbcTemplate.java:657)
	at org.springframework.jdbc.core.JdbcTemplate.query(JdbcTemplate.java:688)
	at org.springframework.jdbc.core.JdbcTemplate.query(JdbcTemplate.java:700)
	at org.springframework.batch.core.repository.dao.JdbcJobInstanceDao.getJobInstances(JdbcJobInstanceDao.java:230)
	at org.springframework.batch.core.explore.support.SimpleJobExplorer.getJobInstances(SimpleJobExplorer.java:173)
	at sun.reflect.NativeMethodAccessorImpl.invoke0(Native Method)
	at sun.reflect.NativeMethodAccessorImpl.invoke(NativeMethodAccessorImpl.java:62)
	at sun.reflect.DelegatingMethodAccessorImpl.invoke(DelegatingMethodAccessorImpl.java:43)
	at java.lang.reflect.Method.invoke(Method.java:498)
	at org.springframework.aop.support.AopUtils.invokeJoinpointUsingReflection(AopUtils.java:343)
	at org.springframework.aop.framework.ReflectiveMethodInvocation.invokeJoinpoint(ReflectiveMethodInvocation.java:197)
	at org.springframework.aop.framework.ReflectiveMethodInvocation.proceed(ReflectiveMethodInvocation.java:163)
	at org.springframework.batch.core.configuration.annotation.SimpleBatchConfiguration$PassthruAdvice.invoke(SimpleBatchConfiguration.java:127)
	at org.springframework.aop.framework.ReflectiveMethodInvocation.proceed(ReflectiveMethodInvocation.java:185)
	at org.springframework.aop.framework.JdkDynamicAopProxy.invoke(JdkDynamicAopProxy.java:212)
	at com.sun.proxy.$Proxy122.getJobInstances(Unknown Source)
	at org.springframework.batch.core.JobParametersBuilder.getNextJobParameters(JobParametersBuilder.java:254)
	at org.springframework.boot.autoconfigure.batch.JobLauncherCommandLineRunner.execute(JobLauncherCommandLineRunner.java:162)
	at org.springframework.boot.autoconfigure.batch.JobLauncherCommandLineRunner.executeLocalJobs(JobLauncherCommandLineRunner.java:179)
	at org.springframework.boot.autoconfigure.batch.JobLauncherCommandLineRunner.launchJobFromProperties(JobLauncherCommandLineRunner.java:134)
	at org.springframework.boot.autoconfigure.batch.JobLauncherCommandLineRunner.run(JobLauncherCommandLineRunner.java:128)
	at org.springframework.boot.SpringApplication.callRunner(SpringApplication.java:818)
	... 10 common frames omitted
Caused by: java.sql.SQLSyntaxErrorException: Table 'emp-app.batch_job_instance' doesn't exist
	at com.mysql.cj.jdbc.exceptions.SQLError.createSQLException(SQLError.java:120)
	at com.mysql.cj.jdbc.exceptions.SQLExceptionsMapping.translateException(SQLExceptionsMapping.java:122)
	at com.mysql.cj.jdbc.ClientPreparedStatement.executeInternal(ClientPreparedStatement.java:916)
	at com.mysql.cj.jdbc.ClientPreparedStatement.executeQuery(ClientPreparedStatement.java:972)
	at com.zaxxer.hikari.pool.ProxyPreparedStatement.executeQuery(ProxyPreparedStatement.java:52)
	at com.zaxxer.hikari.pool.HikariProxyPreparedStatement.executeQuery(HikariProxyPreparedStatement.java)
	at org.springframework.jdbc.core.JdbcTemplate$1.doInPreparedStatement(JdbcTemplate.java:666)
	at org.springframework.jdbc.core.JdbcTemplate.execute(JdbcTemplate.java:605)
	... 32 common frames omitted
"2023-01-10 09:56:50 [restartedMain] INFO  o.s.b.w.s.c.AnnotationConfigServletWebServerApplicationContext - Closing org.springframework.boot.web.servlet.context.AnnotationConfigServletWebServerApplicationContext@728f2d5e: startup date [Tue Jan 10 09:56:46 IST 2023]; root of context hierarchy
""2023-01-10 09:56:50 [restartedMain] INFO  o.s.j.e.a.AnnotationMBeanExporter - Unregistering JMX-exposed beans on shutdown
""2023-01-10 09:56:50 [restartedMain] INFO  o.s.j.e.a.AnnotationMBeanExporter - Unregistering JMX-exposed beans
""2023-01-10 09:56:50 [restartedMain] INFO  o.s.o.j.LocalContainerEntityManagerFactoryBean - Closing JPA EntityManagerFactory for persistence unit 'default'
""2023-01-10 09:56:50 [restartedMain] INFO  com.zaxxer.hikari.HikariDataSource - HikariPool-1 - Shutdown initiated...
""2023-01-10 09:56:50 [restartedMain] INFO  com.zaxxer.hikari.HikariDataSource - HikariPool-1 - Shutdown completed.
""2023-01-10 10:00:54 [restartedMain] INFO  c.lectures.demo.LecturersApplication - Starting LecturersApplication on CELESTIALS with PID 5568 (started by 91730 in D:\spring projects\lecturers (2)\lecturers)
""2023-01-10 10:00:54 [restartedMain] INFO  c.lectures.demo.LecturersApplication - No active profile set, falling back to default profiles: default
""2023-01-10 10:00:54 [restartedMain] INFO  o.s.b.w.s.c.AnnotationConfigServletWebServerApplicationContext - Refreshing org.springframework.boot.web.servlet.context.AnnotationConfigServletWebServerApplicationContext@26f9e6df: startup date [Tue Jan 10 10:00:54 IST 2023]; root of context hierarchy
""2023-01-10 10:00:55 [restartedMain] INFO  o.s.c.s.PostProcessorRegistrationDelegate$BeanPostProcessorChecker - Bean 'org.springframework.transaction.annotation.ProxyTransactionManagementConfiguration' of type [org.springframework.transaction.annotation.ProxyTransactionManagementConfiguration$$EnhancerBySpringCGLIB$$331608eb] is not eligible for getting processed by all BeanPostProcessors (for example: not eligible for auto-proxying)
""2023-01-10 10:00:55 [restartedMain] INFO  o.s.c.s.PostProcessorRegistrationDelegate$BeanPostProcessorChecker - Bean 'org.springframework.security.config.annotation.configuration.ObjectPostProcessorConfiguration' of type [org.springframework.security.config.annotation.configuration.ObjectPostProcessorConfiguration$$EnhancerBySpringCGLIB$$cbc3d125] is not eligible for getting processed by all BeanPostProcessors (for example: not eligible for auto-proxying)
""2023-01-10 10:00:55 [restartedMain] INFO  o.s.c.s.PostProcessorRegistrationDelegate$BeanPostProcessorChecker - Bean 'objectPostProcessor' of type [org.springframework.security.config.annotation.configuration.AutowireBeanFactoryObjectPostProcessor] is not eligible for getting processed by all BeanPostProcessors (for example: not eligible for auto-proxying)
""2023-01-10 10:00:55 [restartedMain] INFO  o.s.c.s.PostProcessorRegistrationDelegate$BeanPostProcessorChecker - Bean 'org.springframework.security.access.expression.method.DefaultMethodSecurityExpressionHandler@18bd1087' of type [org.springframework.security.access.expression.method.DefaultMethodSecurityExpressionHandler] is not eligible for getting processed by all BeanPostProcessors (for example: not eligible for auto-proxying)
""2023-01-10 10:00:55 [restartedMain] INFO  o.s.c.s.PostProcessorRegistrationDelegate$BeanPostProcessorChecker - Bean 'org.springframework.security.config.annotation.method.configuration.GlobalMethodSecurityConfiguration' of type [org.springframework.security.config.annotation.method.configuration.GlobalMethodSecurityConfiguration$$EnhancerBySpringCGLIB$$f09873d7] is not eligible for getting processed by all BeanPostProcessors (for example: not eligible for auto-proxying)
""2023-01-10 10:00:55 [restartedMain] INFO  o.s.c.s.PostProcessorRegistrationDelegate$BeanPostProcessorChecker - Bean 'methodSecurityMetadataSource' of type [org.springframework.security.access.method.DelegatingMethodSecurityMetadataSource] is not eligible for getting processed by all BeanPostProcessors (for example: not eligible for auto-proxying)
""2023-01-10 10:00:55 [restartedMain] INFO  o.s.b.w.e.tomcat.TomcatWebServer - Tomcat initialized with port(s): 8080 (http)
""2023-01-10 10:00:55 [restartedMain] INFO  o.a.catalina.core.StandardService - Starting service [Tomcat]
""2023-01-10 10:00:55 [restartedMain] INFO  o.a.catalina.core.StandardEngine - Starting Servlet Engine: Apache Tomcat/8.5.34
""2023-01-10 10:00:55 [localhost-startStop-1] INFO  o.a.c.core.AprLifecycleListener - The APR based Apache Tomcat Native library which allows optimal performance in production environments was not found on the java.library.path: [C:\Program Files\Java\jdk1.8.0_202\bin;C:\WINDOWS\Sun\Java\bin;C:\WINDOWS\system32;C:\WINDOWS;D:/softwares/sts-4.14.1.RELEASE//plugins/org.eclipse.justj.openjdk.hotspot.jre.full.win32.x86_64_17.0.2.v20220201-1208/jre/bin/server;D:/softwares/sts-4.14.1.RELEASE//plugins/org.eclipse.justj.openjdk.hotspot.jre.full.win32.x86_64_17.0.2.v20220201-1208/jre/bin;C:\Program Files (x86)\Common Files\Oracle\Java\javapath;C:\WINDOWS\system32;C:\WINDOWS;C:\WINDOWS\System32\Wbem;C:\WINDOWS\System32\WindowsPowerShell\v1.0\;C:\WINDOWS\System32\OpenSSH\;C:\Program Files\Java\jdk1.8.0_333\bin;C:\Program Files\Java\jre1.8.0_202\bin;C:\Program Files\nodejs\;D:\softwares\apache-maven-3.8.6-bin\apache-maven-3.8.6\bin;C:\Users\91730\AppData\Local\Microsoft\WindowsApps;D:\Microsoft VS Code\bin;C:\Users\91730\AppData\Roaming\npm;D:\softwares\apache-maven-3.8.6-bin\apache-maven-3.8.6\bin;;D:\softwares\sts-4.14.1.RELEASE;;.]
""2023-01-10 10:00:55 [localhost-startStop-1] INFO  o.a.c.c.C.[Tomcat].[localhost].[/] - Initializing Spring embedded WebApplicationContext
""2023-01-10 10:00:55 [localhost-startStop-1] INFO  o.s.b.w.s.FilterRegistrationBean - Mapping filter: 'characterEncodingFilter' to: [/*]
""2023-01-10 10:00:55 [localhost-startStop-1] INFO  o.s.b.w.s.FilterRegistrationBean - Mapping filter: 'hiddenHttpMethodFilter' to: [/*]
""2023-01-10 10:00:55 [localhost-startStop-1] INFO  o.s.b.w.s.FilterRegistrationBean - Mapping filter: 'httpPutFormContentFilter' to: [/*]
""2023-01-10 10:00:55 [localhost-startStop-1] INFO  o.s.b.w.s.FilterRegistrationBean - Mapping filter: 'requestContextFilter' to: [/*]
""2023-01-10 10:00:55 [localhost-startStop-1] INFO  o.s.b.w.s.DelegatingFilterProxyRegistrationBean - Mapping filter: 'springSecurityFilterChain' to: [/*]
""2023-01-10 10:00:55 [localhost-startStop-1] INFO  o.s.b.w.s.ServletRegistrationBean - Servlet dispatcherServlet mapped to [/]
""2023-01-10 10:00:55 [restartedMain] INFO  com.zaxxer.hikari.HikariDataSource - HikariPool-1 - Starting...
""2023-01-10 10:00:56 [restartedMain] INFO  com.zaxxer.hikari.HikariDataSource - HikariPool-1 - Start completed.
""2023-01-10 10:00:56 [restartedMain] INFO  o.s.o.j.LocalContainerEntityManagerFactoryBean - Building JPA container EntityManagerFactory for persistence unit 'default'
""2023-01-10 10:00:56 [restartedMain] INFO  o.h.jpa.internal.util.LogHelper - HHH000204: Processing PersistenceUnitInfo [
	name: default
	...]
""2023-01-10 10:00:56 [restartedMain] INFO  org.hibernate.Version - HHH000412: Hibernate Core {5.2.17.Final}
""2023-01-10 10:00:56 [restartedMain] INFO  org.hibernate.cfg.Environment - HHH000206: hibernate.properties not found
""2023-01-10 10:00:56 [restartedMain] INFO  o.h.annotations.common.Version - HCANN000001: Hibernate Commons Annotations {5.0.1.Final}
""2023-01-10 10:00:56 [restartedMain] INFO  org.hibernate.dialect.Dialect - HHH000400: Using dialect: org.hibernate.dialect.MySQL5Dialect
""2023-01-10 10:00:56 [restartedMain] INFO  o.s.o.j.LocalContainerEntityManagerFactoryBean - Initialized JPA EntityManagerFactory for persistence unit 'default'
""2023-01-10 10:00:57 [restartedMain] INFO  o.h.h.i.QueryTranslatorFactoryInitiator - HHH000397: Using ASTQueryTranslatorFactory
""2023-01-10 10:00:57 [restartedMain] WARN  o.s.b.w.s.c.AnnotationConfigServletWebServerApplicationContext - Exception encountered during context initialization - cancelling refresh attempt: org.springframework.beans.factory.UnsatisfiedDependencyException: Error creating bean with name 'lectController': Unsatisfied dependency expressed through field 'jobLauncher'; nested exception is org.springframework.beans.factory.NoSuchBeanDefinitionException: No qualifying bean of type 'org.springframework.batch.core.launch.JobLauncher' available: expected at least 1 bean which qualifies as autowire candidate. Dependency annotations: {@org.springframework.beans.factory.annotation.Autowired(required=true)}
""2023-01-10 10:00:57 [restartedMain] INFO  o.s.o.j.LocalContainerEntityManagerFactoryBean - Closing JPA EntityManagerFactory for persistence unit 'default'
""2023-01-10 10:00:57 [restartedMain] INFO  com.zaxxer.hikari.HikariDataSource - HikariPool-1 - Shutdown initiated...
""2023-01-10 10:00:57 [restartedMain] INFO  com.zaxxer.hikari.HikariDataSource - HikariPool-1 - Shutdown completed.
""2023-01-10 10:00:57 [restartedMain] INFO  o.a.catalina.core.StandardService - Stopping service [Tomcat]
""2023-01-10 10:00:57 [restartedMain] INFO  o.s.b.a.l.ConditionEvaluationReportLoggingListener - 

Error starting ApplicationContext. To display the conditions report re-run your application with 'debug' enabled.
""2023-01-10 10:00:57 [restartedMain] ERROR o.s.boot.SpringApplication - Application run failed
"org.springframework.beans.factory.UnsatisfiedDependencyException: Error creating bean with name 'lectController': Unsatisfied dependency expressed through field 'jobLauncher'; nested exception is org.springframework.beans.factory.NoSuchBeanDefinitionException: No qualifying bean of type 'org.springframework.batch.core.launch.JobLauncher' available: expected at least 1 bean which qualifies as autowire candidate. Dependency annotations: {@org.springframework.beans.factory.annotation.Autowired(required=true)}
	at org.springframework.beans.factory.annotation.AutowiredAnnotationBeanPostProcessor$AutowiredFieldElement.inject(AutowiredAnnotationBeanPostProcessor.java:586)
	at org.springframework.beans.factory.annotation.InjectionMetadata.inject(InjectionMetadata.java:90)
	at org.springframework.beans.factory.annotation.AutowiredAnnotationBeanPostProcessor.postProcessPropertyValues(AutowiredAnnotationBeanPostProcessor.java:372)
	at org.springframework.beans.factory.support.AbstractAutowireCapableBeanFactory.populateBean(AbstractAutowireCapableBeanFactory.java:1341)
	at org.springframework.beans.factory.support.AbstractAutowireCapableBeanFactory.doCreateBean(AbstractAutowireCapableBeanFactory.java:572)
	at org.springframework.beans.factory.support.AbstractAutowireCapableBeanFactory.createBean(AbstractAutowireCapableBeanFactory.java:495)
	at org.springframework.beans.factory.support.AbstractBeanFactory.lambda$doGetBean$0(AbstractBeanFactory.java:317)
	at org.springframework.beans.factory.support.DefaultSingletonBeanRegistry.getSingleton(DefaultSingletonBeanRegistry.java:222)
	at org.springframework.beans.factory.support.AbstractBeanFactory.doGetBean(AbstractBeanFactory.java:315)
	at org.springframework.beans.factory.support.AbstractBeanFactory.getBean(AbstractBeanFactory.java:199)
	at org.springframework.beans.factory.support.DefaultListableBeanFactory.preInstantiateSingletons(DefaultListableBeanFactory.java:759)
	at org.springframework.context.support.AbstractApplicationContext.finishBeanFactoryInitialization(AbstractApplicationContext.java:869)
	at org.springframework.context.support.AbstractApplicationContext.refresh(AbstractApplicationContext.java:550)
	at org.springframework.boot.web.servlet.context.ServletWebServerApplicationContext.refresh(ServletWebServerApplicationContext.java:140)
	at org.springframework.boot.SpringApplication.refresh(SpringApplication.java:780)
	at org.springframework.boot.SpringApplication.refreshContext(SpringApplication.java:412)
	at org.springframework.boot.SpringApplication.run(SpringApplication.java:333)
	at org.springframework.boot.SpringApplication.run(SpringApplication.java:1277)
	at org.springframework.boot.SpringApplication.run(SpringApplication.java:1265)
	at com.lectures.demo.LecturersApplication.main(LecturersApplication.java:20)
	at sun.reflect.NativeMethodAccessorImpl.invoke0(Native Method)
	at sun.reflect.NativeMethodAccessorImpl.invoke(NativeMethodAccessorImpl.java:62)
	at sun.reflect.DelegatingMethodAccessorImpl.invoke(DelegatingMethodAccessorImpl.java:43)
	at java.lang.reflect.Method.invoke(Method.java:498)
	at org.springframework.boot.devtools.restart.RestartLauncher.run(RestartLauncher.java:49)
Caused by: org.springframework.beans.factory.NoSuchBeanDefinitionException: No qualifying bean of type 'org.springframework.batch.core.launch.JobLauncher' available: expected at least 1 bean which qualifies as autowire candidate. Dependency annotations: {@org.springframework.beans.factory.annotation.Autowired(required=true)}
	at org.springframework.beans.factory.support.DefaultListableBeanFactory.raiseNoMatchingBeanFound(DefaultListableBeanFactory.java:1506)
	at org.springframework.beans.factory.support.DefaultListableBeanFactory.doResolveDependency(DefaultListableBeanFactory.java:1101)
	at org.springframework.beans.factory.support.DefaultListableBeanFactory.resolveDependency(DefaultListableBeanFactory.java:1062)
	at org.springframework.beans.factory.annotation.AutowiredAnnotationBeanPostProcessor$AutowiredFieldElement.inject(AutowiredAnnotationBeanPostProcessor.java:583)
	... 24 common frames omitted
"2023-01-10 10:01:38 [restartedMain] INFO  c.lectures.demo.LecturersApplication - Starting LecturersApplication on CELESTIALS with PID 36004 (started by 91730 in D:\spring projects\lecturers (2)\lecturers)
""2023-01-10 10:01:38 [restartedMain] INFO  c.lectures.demo.LecturersApplication - No active profile set, falling back to default profiles: default
""2023-01-10 10:01:38 [restartedMain] INFO  o.s.b.w.s.c.AnnotationConfigServletWebServerApplicationContext - Refreshing org.springframework.boot.web.servlet.context.AnnotationConfigServletWebServerApplicationContext@2f12ba9f: startup date [Tue Jan 10 10:01:38 IST 2023]; root of context hierarchy
""2023-01-10 10:01:39 [restartedMain] INFO  o.s.c.s.PostProcessorRegistrationDelegate$BeanPostProcessorChecker - Bean 'org.springframework.transaction.annotation.ProxyTransactionManagementConfiguration' of type [org.springframework.transaction.annotation.ProxyTransactionManagementConfiguration$$EnhancerBySpringCGLIB$$e41ba264] is not eligible for getting processed by all BeanPostProcessors (for example: not eligible for auto-proxying)
""2023-01-10 10:01:39 [restartedMain] INFO  o.s.c.s.PostProcessorRegistrationDelegate$BeanPostProcessorChecker - Bean 'org.springframework.security.config.annotation.configuration.ObjectPostProcessorConfiguration' of type [org.springframework.security.config.annotation.configuration.ObjectPostProcessorConfiguration$$EnhancerBySpringCGLIB$$7cc96a9e] is not eligible for getting processed by all BeanPostProcessors (for example: not eligible for auto-proxying)
""2023-01-10 10:01:39 [restartedMain] INFO  o.s.c.s.PostProcessorRegistrationDelegate$BeanPostProcessorChecker - Bean 'objectPostProcessor' of type [org.springframework.security.config.annotation.configuration.AutowireBeanFactoryObjectPostProcessor] is not eligible for getting processed by all BeanPostProcessors (for example: not eligible for auto-proxying)
""2023-01-10 10:01:39 [restartedMain] INFO  o.s.c.s.PostProcessorRegistrationDelegate$BeanPostProcessorChecker - Bean 'org.springframework.security.access.expression.method.DefaultMethodSecurityExpressionHandler@3f69a157' of type [org.springframework.security.access.expression.method.DefaultMethodSecurityExpressionHandler] is not eligible for getting processed by all BeanPostProcessors (for example: not eligible for auto-proxying)
""2023-01-10 10:01:39 [restartedMain] INFO  o.s.c.s.PostProcessorRegistrationDelegate$BeanPostProcessorChecker - Bean 'org.springframework.security.config.annotation.method.configuration.GlobalMethodSecurityConfiguration' of type [org.springframework.security.config.annotation.method.configuration.GlobalMethodSecurityConfiguration$$EnhancerBySpringCGLIB$$a19e0d50] is not eligible for getting processed by all BeanPostProcessors (for example: not eligible for auto-proxying)
""2023-01-10 10:01:39 [restartedMain] INFO  o.s.c.s.PostProcessorRegistrationDelegate$BeanPostProcessorChecker - Bean 'methodSecurityMetadataSource' of type [org.springframework.security.access.method.DelegatingMethodSecurityMetadataSource] is not eligible for getting processed by all BeanPostProcessors (for example: not eligible for auto-proxying)
""2023-01-10 10:01:39 [restartedMain] INFO  o.s.b.w.e.tomcat.TomcatWebServer - Tomcat initialized with port(s): 8080 (http)
""2023-01-10 10:01:40 [restartedMain] INFO  o.a.catalina.core.StandardService - Starting service [Tomcat]
""2023-01-10 10:01:40 [restartedMain] INFO  o.a.catalina.core.StandardEngine - Starting Servlet Engine: Apache Tomcat/8.5.34
""2023-01-10 10:01:40 [localhost-startStop-1] INFO  o.a.c.core.AprLifecycleListener - The APR based Apache Tomcat Native library which allows optimal performance in production environments was not found on the java.library.path: [C:\Program Files\Java\jdk1.8.0_202\bin;C:\WINDOWS\Sun\Java\bin;C:\WINDOWS\system32;C:\WINDOWS;D:/softwares/sts-4.14.1.RELEASE//plugins/org.eclipse.justj.openjdk.hotspot.jre.full.win32.x86_64_17.0.2.v20220201-1208/jre/bin/server;D:/softwares/sts-4.14.1.RELEASE//plugins/org.eclipse.justj.openjdk.hotspot.jre.full.win32.x86_64_17.0.2.v20220201-1208/jre/bin;C:\Program Files (x86)\Common Files\Oracle\Java\javapath;C:\WINDOWS\system32;C:\WINDOWS;C:\WINDOWS\System32\Wbem;C:\WINDOWS\System32\WindowsPowerShell\v1.0\;C:\WINDOWS\System32\OpenSSH\;C:\Program Files\Java\jdk1.8.0_333\bin;C:\Program Files\Java\jre1.8.0_202\bin;C:\Program Files\nodejs\;D:\softwares\apache-maven-3.8.6-bin\apache-maven-3.8.6\bin;C:\Users\91730\AppData\Local\Microsoft\WindowsApps;D:\Microsoft VS Code\bin;C:\Users\91730\AppData\Roaming\npm;D:\softwares\apache-maven-3.8.6-bin\apache-maven-3.8.6\bin;;D:\softwares\sts-4.14.1.RELEASE;;.]
""2023-01-10 10:01:40 [localhost-startStop-1] INFO  o.a.c.c.C.[Tomcat].[localhost].[/] - Initializing Spring embedded WebApplicationContext
""2023-01-10 10:01:40 [localhost-startStop-1] INFO  o.s.b.w.s.FilterRegistrationBean - Mapping filter: 'characterEncodingFilter' to: [/*]
""2023-01-10 10:01:40 [localhost-startStop-1] INFO  o.s.b.w.s.FilterRegistrationBean - Mapping filter: 'hiddenHttpMethodFilter' to: [/*]
""2023-01-10 10:01:40 [localhost-startStop-1] INFO  o.s.b.w.s.FilterRegistrationBean - Mapping filter: 'httpPutFormContentFilter' to: [/*]
""2023-01-10 10:01:40 [localhost-startStop-1] INFO  o.s.b.w.s.FilterRegistrationBean - Mapping filter: 'requestContextFilter' to: [/*]
""2023-01-10 10:01:40 [localhost-startStop-1] INFO  o.s.b.w.s.DelegatingFilterProxyRegistrationBean - Mapping filter: 'springSecurityFilterChain' to: [/*]
""2023-01-10 10:01:40 [localhost-startStop-1] INFO  o.s.b.w.s.ServletRegistrationBean - Servlet dispatcherServlet mapped to [/]
""2023-01-10 10:01:40 [restartedMain] INFO  com.zaxxer.hikari.HikariDataSource - HikariPool-1 - Starting...
""2023-01-10 10:01:40 [restartedMain] INFO  com.zaxxer.hikari.HikariDataSource - HikariPool-1 - Start completed.
""2023-01-10 10:01:40 [restartedMain] INFO  o.s.o.j.LocalContainerEntityManagerFactoryBean - Building JPA container EntityManagerFactory for persistence unit 'default'
""2023-01-10 10:01:40 [restartedMain] INFO  o.h.jpa.internal.util.LogHelper - HHH000204: Processing PersistenceUnitInfo [
	name: default
	...]
""2023-01-10 10:01:40 [restartedMain] INFO  org.hibernate.Version - HHH000412: Hibernate Core {5.2.17.Final}
""2023-01-10 10:01:40 [restartedMain] INFO  org.hibernate.cfg.Environment - HHH000206: hibernate.properties not found
""2023-01-10 10:01:40 [restartedMain] INFO  o.h.annotations.common.Version - HCANN000001: Hibernate Commons Annotations {5.0.1.Final}
""2023-01-10 10:01:40 [restartedMain] INFO  org.hibernate.dialect.Dialect - HHH000400: Using dialect: org.hibernate.dialect.MySQL5Dialect
""2023-01-10 10:01:41 [restartedMain] INFO  o.s.o.j.LocalContainerEntityManagerFactoryBean - Initialized JPA EntityManagerFactory for persistence unit 'default'
""2023-01-10 10:01:41 [restartedMain] INFO  o.h.h.i.QueryTranslatorFactoryInitiator - HHH000397: Using ASTQueryTranslatorFactory
""2023-01-10 10:01:42 [restartedMain] INFO  o.s.s.web.DefaultSecurityFilterChain - Creating filter chain: org.springframework.security.web.util.matcher.AnyRequestMatcher@1, [org.springframework.security.web.context.request.async.WebAsyncManagerIntegrationFilter@64b91f3, org.springframework.security.web.context.SecurityContextPersistenceFilter@2f9c91d0, org.springframework.security.web.header.HeaderWriterFilter@70c2f385, org.springframework.security.web.authentication.logout.LogoutFilter@13fc6a6b, org.springframework.security.web.authentication.UsernamePasswordAuthenticationFilter@482618da, org.springframework.security.web.authentication.ui.DefaultLoginPageGeneratingFilter@5f32ffe4, org.springframework.security.web.authentication.www.BasicAuthenticationFilter@3a985b8a, org.springframework.security.web.savedrequest.RequestCacheAwareFilter@4e441cf9, org.springframework.security.web.servletapi.SecurityContextHolderAwareRequestFilter@2b2dc617, org.springframework.security.web.authentication.AnonymousAuthenticationFilter@31c9ef49, org.springframework.security.web.session.SessionManagementFilter@3fe6d1c7, org.springframework.security.web.access.ExceptionTranslationFilter@77cdde65, org.springframework.security.web.access.intercept.FilterSecurityInterceptor@96c4527]
""2023-01-10 10:01:42 [restartedMain] WARN  o.s.b.a.o.j.JpaBaseConfiguration$JpaWebConfiguration$JpaWebMvcConfiguration - spring.jpa.open-in-view is enabled by default. Therefore, database queries may be performed during view rendering. Explicitly configure spring.jpa.open-in-view to disable this warning
""2023-01-10 10:01:42 [restartedMain] WARN  o.s.b.a.t.ThymeleafAutoConfiguration$DefaultTemplateResolverConfiguration - Cannot find template location: classpath:/templates/ (please add some templates or check your Thymeleaf configuration)
""2023-01-10 10:01:42 [restartedMain] INFO  o.s.b.d.a.OptionalLiveReloadServer - LiveReload server is running on port 35729
""2023-01-10 10:01:42 [restartedMain] INFO  o.s.j.e.a.AnnotationMBeanExporter - Registering beans for JMX exposure on startup
""2023-01-10 10:01:42 [restartedMain] INFO  o.s.j.e.a.AnnotationMBeanExporter - Bean with name 'dataSource' has been autodetected for JMX exposure
""2023-01-10 10:01:42 [restartedMain] INFO  o.s.j.e.a.AnnotationMBeanExporter - Located MBean 'dataSource': registering with JMX server as MBean [com.zaxxer.hikari:name=dataSource,type=HikariDataSource]
""2023-01-10 10:01:42 [restartedMain] INFO  o.s.b.w.e.tomcat.TomcatWebServer - Tomcat started on port(s): 8080 (http) with context path ''
""2023-01-10 10:01:42 [restartedMain] INFO  c.lectures.demo.LecturersApplication - Started LecturersApplication in 4.021 seconds (JVM running for 4.584)
""2023-01-10 10:01:50 [RMI TCP Connection(2)-127.0.0.1] INFO  o.s.b.a.SpringApplicationAdminMXBeanRegistrar$SpringApplicationAdmin - Application shutdown requested.
""2023-01-10 10:01:50 [RMI TCP Connection(2)-127.0.0.1] INFO  o.s.b.w.s.c.AnnotationConfigServletWebServerApplicationContext - Closing org.springframework.boot.web.servlet.context.AnnotationConfigServletWebServerApplicationContext@2f12ba9f: startup date [Tue Jan 10 10:01:38 IST 2023]; root of context hierarchy
""2023-01-10 10:01:50 [RMI TCP Connection(2)-127.0.0.1] INFO  o.s.j.e.a.AnnotationMBeanExporter - Unregistering JMX-exposed beans on shutdown
""2023-01-10 10:01:50 [RMI TCP Connection(2)-127.0.0.1] INFO  o.s.j.e.a.AnnotationMBeanExporter - Unregistering JMX-exposed beans
""2023-01-10 10:01:50 [RMI TCP Connection(2)-127.0.0.1] INFO  o.s.o.j.LocalContainerEntityManagerFactoryBean - Closing JPA EntityManagerFactory for persistence unit 'default'
""2023-01-10 10:01:50 [RMI TCP Connection(2)-127.0.0.1] INFO  com.zaxxer.hikari.HikariDataSource - HikariPool-1 - Shutdown initiated...
""2023-01-10 10:01:50 [RMI TCP Connection(2)-127.0.0.1] INFO  com.zaxxer.hikari.HikariDataSource - HikariPool-1 - Shutdown completed.
"